<?xml version="1.0" encoding="UTF-8"?>
<testsuite name="practise.RoverTest" tests="1" skipped="0" failures="0" errors="0" timestamp="2022-07-20T17:30:17" hostname="NT-IT-LT-2169" time="0.019">
  <properties/>
  <testcase name="expect_Rovers_End_Position()" classname="practise.RoverTest" time="0.019"/>
  <system-out><![CDATA[]]></system-out>
  <system-err><![CDATA[]]></system-err>
</testsuite>
